<?xml version="1.0" encoding="UTF-8"?>
<testsuite name="com.langoverlay.core.state.LanguageStateManagerTest" tests="2" skipped="0" failures="0" errors="0" timestamp="2026-07-07T04:23:13" hostname="DESKTOP-5N221NT" time="0.139">
  <properties/>
  <testcase name="debounced persist fires after delay()" classname="com.langoverlay.core.state.LanguageStateManagerTest" time="0.133"/>
  <testcase name="flush persists immediately()" classname="com.langoverlay.core.state.LanguageStateManagerTest" time="0.004"/>
  <system-out><![CDATA[]]></system-out>
  <system-err><![CDATA[]]></system-err>
</testsuite>
